android/build/intermediates/manifest_merge_blame_file/release/manifest-merger-blame-release-report.txt
1<?xml version="1.0" encoding="utf-8"?>
2<manifest xmlns:android="http://schemas.android.com/apk/res/android"
3    package="com.mygdx.tanks2d"
4    android:versionCode="1"
5    android:versionName="1.0" >
6
7    <uses-sdk
8        android:minSdkVersion="14"
8-->BattleCity2\android\AndroidManifest.xml
9        android:targetSdkVersion="30" />
9-->BattleCity2\android\AndroidManifest.xml
10
11    <uses-permission android:name="android.permission.INTERNET" />
11-->BattleCity2\android\AndroidManifest.xml:5:5-66
11-->BattleCity2\android\AndroidManifest.xml:5:22-64
12    <uses-permission android:name="android.permission.ACCESS_WIFI_STATE" />
12-->BattleCity2\android\AndroidManifest.xml:6:5-75
12-->BattleCity2\android\AndroidManifest.xml:6:22-73
13    <uses-permission android:name="android.permission.ACCESS_NETWORK_STATE" />
13-->BattleCity2\android\AndroidManifest.xml:7:5-79
13-->BattleCity2\android\AndroidManifest.xml:7:22-76
14
15    <uses-feature
15-->BattleCity2\android\AndroidManifest.xml:9:5-78
16        android:glEsVersion="0x00020000"
16-->BattleCity2\android\AndroidManifest.xml:9:19-51
17        android:required="true" />
17-->BattleCity2\android\AndroidManifest.xml:9:52-75
18
19    <application
19-->BattleCity2\android\AndroidManifest.xml:11:5-30:19
20        android:name="android.support.multidex.MultiDexApplication"
21        android:allowBackup="true"
21-->BattleCity2\android\AndroidManifest.xml:12:9-35
22        android:appCategory="game"
22-->BattleCity2\android\AndroidManifest.xml:16:9-35
23        android:fullBackupContent="true"
23-->BattleCity2\android\AndroidManifest.xml:13:9-41
24        android:icon="@drawable/ic_launcher"
24-->BattleCity2\android\AndroidManifest.xml:14:9-45
25        android:isGame="true"
25-->BattleCity2\android\AndroidManifest.xml:15:9-30
26        android:label="@string/app_name" >
26-->BattleCity2\android\AndroidManifest.xml:17:9-41
27        <activity
27-->BattleCity2\android\AndroidManifest.xml:19:9-29:20
28            android:name="com.mygdx.tanks2d.AndroidLauncher"
28-->BattleCity2\android\AndroidManifest.xml:20:13-61
29            android:configChanges="keyboard|keyboardHidden|navigation|orientation|screenSize|screenLayout"
29-->BattleCity2\android\AndroidManifest.xml:23:13-107
30            android:exported="true"
30-->BattleCity2\android\AndroidManifest.xml:24:13-36
31            android:label="@string/app_name"
31-->BattleCity2\android\AndroidManifest.xml:21:13-45
32            android:screenOrientation="landscape" >
32-->BattleCity2\android\AndroidManifest.xml:22:13-50
33            <intent-filter>
33-->BattleCity2\android\AndroidManifest.xml:25:13-28:29
34                <action android:name="android.intent.action.MAIN" />
34-->BattleCity2\android\AndroidManifest.xml:26:17-69
34-->BattleCity2\android\AndroidManifest.xml:26:25-66
35
36                <category android:name="android.intent.category.LAUNCHER" />
36-->BattleCity2\android\AndroidManifest.xml:27:17-77
36-->BattleCity2\android\AndroidManifest.xml:27:27-74
37            </intent-filter>
38        </activity>
39
40        <meta-data
40-->[com.android.support:customtabs:26.1.0] AndroidManifest.xml:23:9-25:38
41            android:name="android.support.VERSION"
41-->[com.android.support:customtabs:26.1.0] AndroidManifest.xml:24:13-51
42            android:value="26.1.0" /> <!-- Include the AdActivity and InAppPurchaseActivity configChanges and themes. -->
42-->[com.android.support:customtabs:26.1.0] AndroidManifest.xml:25:13-35
43        <activity
43-->[com.google.android.gms:play-services-ads-lite:15.0.0] AndroidManifest.xml:29:9-33:64
44            android:name="com.google.android.gms.ads.AdActivity"
44-->[com.google.android.gms:play-services-ads-lite:15.0.0] AndroidManifest.xml:30:13-65
45            android:configChanges="keyboard|keyboardHidden|orientation|screenLayout|uiMode|screenSize|smallestScreenSize"
45-->[com.google.android.gms:play-services-ads-lite:15.0.0] AndroidManifest.xml:31:13-122
46            android:exported="false"
46-->[com.google.android.gms:play-services-ads-lite:15.0.0] AndroidManifest.xml:32:13-37
47            android:theme="@android:style/Theme.Translucent" />
47-->[com.google.android.gms:play-services-ads-lite:15.0.0] AndroidManifest.xml:33:13-61
48
49        <meta-data
49-->[com.google.android.gms:play-services-basement:15.0.1] AndroidManifest.xml:23:9-25:69
50            android:name="com.google.android.gms.version"
50-->[com.google.android.gms:play-services-basement:15.0.1] AndroidManifest.xml:24:13-58
51            android:value="@integer/google_play_services_version" />
51-->[com.google.android.gms:play-services-basement:15.0.1] AndroidManifest.xml:25:13-66
52        <meta-data
52-->[android.arch.lifecycle:runtime:1.0.0] AndroidManifest.xml:25:9-27:47
53            android:name="android.arch.lifecycle.VERSION"
53-->[android.arch.lifecycle:runtime:1.0.0] AndroidManifest.xml:26:13-58
54            android:value="27.0.0-SNAPSHOT" />
54-->[android.arch.lifecycle:runtime:1.0.0] AndroidManifest.xml:27:13-44
55    </application>
56
57</manifest>